<?xml version="1.0" encoding="UTF-8"?>
<testsuite name="IteratorTest" tests="1" skipped="0" failures="0" errors="0" timestamp="2022-12-28T05:52:56" hostname="imhyeongmug-ui-MacBookPro.local" time="0.007">
  <properties/>
  <testcase name="test()" classname="IteratorTest" time="0.007"/>
  <system-out><![CDATA[1
2
3
]]></system-out>
  <system-err><![CDATA[]]></system-err>
</testsuite>
