<?xml version="1.0" encoding="UTF-8"?>
<testsuite name="CollectionsTest" tests="1" skipped="0" failures="0" errors="0" timestamp="2022-12-28T08:36:35" hostname="imhyeongmug-ui-MacBookPro.local" time="6.657">
  <properties/>
  <testcase name="test2()" classname="CollectionsTest" time="6.657"/>
  <system-out><![CDATA[collect1 = {1=[1], 2=[2], 3=[3]}
]]></system-out>
  <system-err><![CDATA[]]></system-err>
</testsuite>
